/********************************************************************/
/*                                                                  */
/*                RTE Interface from ISOLAR-A                     */
/*                                                                  */
/********************************************************************/

Command Invoked : 
D:\ETAS\RTA-RTE\bin\RTEGen.exe -q 1 -r /DBC_SysDesc_Can_Network/Pkg_Ecu/BMS -o [*.*]"E:\EV31\04_Implementation\ARCfg\EV31_ARCfg_V2.0_T03_20181104\RTE\gen" --strict-unconnected-rport-check=off -err=xml -nts --samples=memmap --os-define-osenv=RTAOS40 --exclusive-area-optimization=disable --os-output-param=all -f "E:\EV31\04_Implementation\ARCfg\EV31_ARCfg_V2.0_T03_20181104\RTE\gen\rtegen_files.lst"

########## ETAS RTE Messages Starts here ###########

Command line options: 
-q 1 -r /DBC_SysDesc_Can_Network/Pkg_Ecu/BMS -o [*.*]E:\EV31\04_Implementation\ARCfg\EV31_ARCfg_V2.0_T03_20181104\RTE\gen --strict-unconnected-rport-check=off -err=xml -nts --samples=memmap --os-define-osenv=RTAOS40 --exclusive-area-optimization=disable --os-output-param=all -f E:\EV31\04_Implementation\ARCfg\EV31_ARCfg_V2.0_T03_20181104\RTE\gen\rtegen_files.lst [ E:\EV31\04_Implementation\ARCfg\EV31_ARCfg_V2.0_T03_20181104\ASW\Asw_SWC\arxml\Asw_Swc.arxml E:\EV31\04_Implementation\ARCfg\EV31_ARCfg_V2.0_T03_20181104\ASW\Asw_SWC\arxml\Cmu_Cdd.arxml E:\EV31\04_Implementation\ARCfg\EV31_ARCfg_V2.0_T03_20181104\ASW\Asw_SWC\arxml\IoHwAb.arxml E:\EV31\04_Implementation\ARCfg\EV31_ARCfg_V2.0_T03_20181104\ASW\Asw_SWC\arxml\Sbc_Cdd.arxml E:\EV31\04_Implementation\ARCfg\EV31_ARCfg_V2.0_T03_20181104\ASW\Asw_SWC\arxml\SoftwareInterface.arxml E:\EV31\04_Implementation\ARCfg\EV31_ARCfg_V2.0_T03_20181104\ASW\WdgM_SWC\arxml\WdgM_SWC.arxml E:\EV31\04_Implementation\ARCfg\EV31_ARCfg_V2.0_T03_20181104\ASW\Xcp_SWC\arxml\Xcp_SWC.arxml E:\EV31\04_Implementation\ARCfg\EV31_ARCfg_V2.0_T03_20181104\BSW\BMS_FlatMap.arxml E:\EV31\04_Implementation\ARCfg\EV31_ARCfg_V2.0_T03_20181104\BSW\BMS_FlatView_SWCD.arxml E:\EV31\04_Implementation\ARCfg\EV31_ARCfg_V2.0_T03_20181104\BSW\Config\BSW\BswM_ModeMapping.arxml E:\EV31\04_Implementation\ARCfg\EV31_ARCfg_V2.0_T03_20181104\BSW\Config\BSW\BSWMD\BswM_Cfg_BSWMD.arxml E:\EV31\04_Implementation\ARCfg\EV31_ARCfg_V2.0_T03_20181104\BSW\Config\BSW\BSWMD\CanIf_BSWMD.arxml E:\EV31\04_Implementation\ARCfg\EV31_ARCfg_V2.0_T03_20181104\BSW\Config\BSW\BSWMD\CanIf_Cfg_BSWMD.arxml E:\EV31\04_Implementation\ARCfg\EV31_ARCfg_V2.0_T03_20181104\BSW\Config\BSW\BSWMD\CanSM_BSWMD.arxml E:\EV31\04_Implementation\ARCfg\EV31_ARCfg_V2.0_T03_20181104\BSW\Config\BSW\BSWMD\CanSM_Cfg_BSWMD.arxml E:\EV31\04_Implementation\ARCfg\EV31_ARCfg_V2.0_T03_20181104\BSW\Config\BSW\BSWMD\Com_BSWMD.arxml E:\EV31\04_Implementation\ARCfg\EV31_ARCfg_V2.0_T03_20181104\BSW\Config\BSW\BSWMD\Com_Cfg_BSWMD.arxml E:\EV31\04_Implementation\ARCfg\EV31_ARCfg_V2.0_T03_20181104\BSW\Config\BSW\BSWMD\ComM_BSWMD.arxml E:\EV31\04_Implementation\ARCfg\EV31_ARCfg_V2.0_T03_20181104\BSW\Config\BSW\BSWMD\ComM_Cfg_BSWMD.arxml E:\EV31\04_Implementation\ARCfg\EV31_ARCfg_V2.0_T03_20181104\BSW\Config\BSW\BSWMD\Crc_Cfg_BSWMD.arxml E:\EV31\04_Implementation\ARCfg\EV31_ARCfg_V2.0_T03_20181104\BSW\Config\BSW\BSWMD\Ea_BSWMD.arxml E:\EV31\04_Implementation\ARCfg\EV31_ARCfg_V2.0_T03_20181104\BSW\Config\BSW\BSWMD\EcuM_BSWMD.arxml E:\EV31\04_Implementation\ARCfg\EV31_ARCfg_V2.0_T03_20181104\BSW\Config\BSW\BSWMD\EcuM_Cfg_BSWMD.arxml E:\EV31\04_Implementation\ARCfg\EV31_ARCfg_V2.0_T03_20181104\BSW\Config\BSW\BSWMD\IpduM_BSWMD.arxml E:\EV31\04_Implementation\ARCfg\EV31_ARCfg_V2.0_T03_20181104\BSW\Config\BSW\BSWMD\IpduM_Cfg_BSWMD.arxml E:\EV31\04_Implementation\ARCfg\EV31_ARCfg_V2.0_T03_20181104\BSW\Config\BSW\BSWMD\J1939Tp_BSWMD.arxml E:\EV31\04_Implementation\ARCfg\EV31_ARCfg_V2.0_T03_20181104\BSW\Config\BSW\BSWMD\MemIf_Cfg_BSWMD.arxml E:\EV31\04_Implementation\ARCfg\EV31_ARCfg_V2.0_T03_20181104\BSW\Config\BSW\BSWMD\NvM_Cfg_BSWMD.arxml E:\EV31\04_Implementation\ARCfg\EV31_ARCfg_V2.0_T03_20181104\BSW\Config\BSW\BSWMD\NvM_Static_Cfg_BSWMD.arxml E:\EV31\04_Implementation\ARCfg\EV31_ARCfg_V2.0_T03_20181104\BSW\Config\BSW\BSWMD\PduR_BSWMD.arxml E:\EV31\04_Implementation\ARCfg\EV31_ARCfg_V2.0_T03_20181104\BSW\Config\BSW\BSWMD\PduR_Cfg_BSWMD.arxml E:\EV31\04_Implementation\ARCfg\EV31_ARCfg_V2.0_T03_20181104\BSW\Config\BSW\BSWMD\rba_CUCELCompuMethods_BSWMD.arxml E:\EV31\04_Implementation\ARCfg\EV31_ARCfg_V2.0_T03_20181104\BSW\Config\BSW\BSWMD\rba_CUCELSwAddrMethod_BSWMD.arxml E:\EV31\04_Implementation\ARCfg\EV31_ARCfg_V2.0_T03_20181104\BSW\Config\BSW\BSWMD\WdgIf_Cfg_BSWMD.arxml E:\EV31\04_Implementation\ARCfg\EV31_ARCfg_V2.0_T03_20181104\BSW\Config\BSW\BSWMD\WdgM_Cfg_BSWMD.arxml E:\EV31\04_Implementation\ARCfg\EV31_ARCfg_V2.0_T03_20181104\BSW\Config\BSW\BSWMD\Xcp_Cfg_BSWMD.arxml E:\EV31\04_Implementation\ARCfg\EV31_ARCfg_V2.0_T03_20181104\BSW\Config\BSW\BSWMD\Xcp_Cfg_ModuleEntries_BSWMD.arxml E:\EV31\04_Implementation\ARCfg\EV31_ARCfg_V2.0_T03_20181104\BSW\Config\BSW\CanEcucValues.arxml E:\EV31\04_Implementation\ARCfg\EV31_ARCfg_V2.0_T03_20181104\BSW\Config\BSW\Com_Model_Export.arxml E:\EV31\04_Implementation\ARCfg\EV31_ARCfg_V2.0_T03_20181104\BSW\Config\BSW\ComStack_Types.arxml E:\EV31\04_Implementation\ARCfg\EV31_ARCfg_V2.0_T03_20181104\BSW\Config\BSW\EcuC_Model_Export.arxml E:\EV31\04_Implementation\ARCfg\EV31_ARCfg_V2.0_T03_20181104\BSW\Config\BSW\EcucValues\CanIf_BswMD_EcucValues.arxml E:\EV31\04_Implementation\ARCfg\EV31_ARCfg_V2.0_T03_20181104\BSW\Config\BSW\EcucValues\CanSM_BswMD_EcucValues.arxml E:\EV31\04_Implementation\ARCfg\EV31_ARCfg_V2.0_T03_20181104\BSW\Config\BSW\EcucValues\Com_BswMD_EcucValues.arxml E:\EV31\04_Implementation\ARCfg\EV31_ARCfg_V2.0_T03_20181104\BSW\Config\BSW\EcucValues\ComM_BswMD_EcucValues.arxml E:\EV31\04_Implementation\ARCfg\EV31_ARCfg_V2.0_T03_20181104\BSW\Config\BSW\EcucValues\ComStack_EcucValues.arxml E:\EV31\04_Implementation\ARCfg\EV31_ARCfg_V2.0_T03_20181104\BSW\Config\BSW\EcucValues\PduR_BswMD_EcucValues.arxml E:\EV31\04_Implementation\ARCfg\EV31_ARCfg_V2.0_T03_20181104\BSW\Config\BSW\EcucValues\Xcp_BswMD_EcucValues.arxml E:\EV31\04_Implementation\ARCfg\EV31_ARCfg_V2.0_T03_20181104\BSW\Config\BSW\Interface.arxml E:\EV31\04_Implementation\ARCfg\EV31_ARCfg_V2.0_T03_20181104\BSW\Config\BSW\Platform_Types.arxml E:\EV31\04_Implementation\ARCfg\EV31_ARCfg_V2.0_T03_20181104\BSW\Config\BSW\PlatformBase_Types.arxml E:\EV31\04_Implementation\ARCfg\EV31_ARCfg_V2.0_T03_20181104\BSW\Config\BSW\PlatformSwBasePatch_Types.arxml E:\EV31\04_Implementation\ARCfg\EV31_ARCfg_V2.0_T03_20181104\BSW\Config\BSW\Project_EcucValues.arxml E:\EV31\04_Implementation\ARCfg\EV31_ARCfg_V2.0_T03_20181104\BSW\Config\BSW\Standard_Types.arxml E:\EV31\04_Implementation\ARCfg\EV31_ARCfg_V2.0_T03_20181104\BSW\Config\BSW\StaticCfg\Bfx_EcucValues.arxml E:\EV31\04_Implementation\ARCfg\EV31_ARCfg_V2.0_T03_20181104\BSW\Config\BSW\StaticCfg\BswM_EcucValues.arxml E:\EV31\04_Implementation\ARCfg\EV31_ARCfg_V2.0_T03_20181104\BSW\Config\BSW\StaticCfg\Crc_EcucValues.arxml E:\EV31\04_Implementation\ARCfg\EV31_ARCfg_V2.0_T03_20181104\BSW\Config\BSW\StaticCfg\Det_EcucValues.arxml E:\EV31\04_Implementation\ARCfg\EV31_ARCfg_V2.0_T03_20181104\BSW\Config\BSW\StaticCfg\Ea_EcucValues.arxml E:\EV31\04_Implementation\ARCfg\EV31_ARCfg_V2.0_T03_20181104\BSW\Config\BSW\StaticCfg\EcuM_EcucValues.arxml E:\EV31\04_Implementation\ARCfg\EV31_ARCfg_V2.0_T03_20181104\BSW\Config\BSW\StaticCfg\MemIf_EcucValues.arxml E:\EV31\04_Implementation\ARCfg\EV31_ARCfg_V2.0_T03_20181104\BSW\Config\BSW\StaticCfg\NvM_EcucValues.arxml E:\EV31\04_Implementation\ARCfg\EV31_ARCfg_V2.0_T03_20181104\BSW\Config\BSW\StaticCfg\Os_Cfg_BSWMD.arxml E:\EV31\04_Implementation\ARCfg\EV31_ARCfg_V2.0_T03_20181104\BSW\Config\BSW\StaticCfg\Os_EcucValues.arxml E:\EV31\04_Implementation\ARCfg\EV31_ARCfg_V2.0_T03_20181104\BSW\Config\BSW\StaticCfg\Rte_EcucValues.arxml E:\EV31\04_Implementation\ARCfg\EV31_ARCfg_V2.0_T03_20181104\BSW\Config\BSW\StaticCfg\Wdg_EcucValues.arxml E:\EV31\04_Implementation\ARCfg\EV31_ARCfg_V2.0_T03_20181104\BSW\Config\BSW\StaticCfg\WdgIf_EcucValues.arxml E:\EV31\04_Implementation\ARCfg\EV31_ARCfg_V2.0_T03_20181104\BSW\Config\BSW\StaticCfg\WdgM_EcucValues.arxml E:\EV31\04_Implementation\ARCfg\EV31_ARCfg_V2.0_T03_20181104\BSW\Config\BSW\StaticCfg\Xcp_EcucValues.arxml E:\EV31\04_Implementation\ARCfg\EV31_ARCfg_V2.0_T03_20181104\BSW\Config\BSW\SWCD\BswM_Cfg_SWCD.arxml E:\EV31\04_Implementation\ARCfg\EV31_ARCfg_V2.0_T03_20181104\BSW\Config\BSW\SWCD\ComM_Cfg_SWCD.arxml E:\EV31\04_Implementation\ARCfg\EV31_ARCfg_V2.0_T03_20181104\BSW\Config\BSW\SWCD\ComM_SWCD.arxml E:\EV31\04_Implementation\ARCfg\EV31_ARCfg_V2.0_T03_20181104\BSW\Config\BSW\SWCD\Det_Cfg_SWCD.arxml E:\EV31\04_Implementation\ARCfg\EV31_ARCfg_V2.0_T03_20181104\BSW\Config\BSW\SWCD\EcuM_Cfg_SWCD.arxml E:\EV31\04_Implementation\ARCfg\EV31_ARCfg_V2.0_T03_20181104\BSW\Config\BSW\SWCD\NvM_Cfg_SWCD.arxml E:\EV31\04_Implementation\ARCfg\EV31_ARCfg_V2.0_T03_20181104\BSW\Config\BSW\SWCD\WdgM_Cfg_SWCD.arxml E:\EV31\04_Implementation\ARCfg\EV31_ARCfg_V2.0_T03_20181104\BSW\DBC_SysDesc.arxml E:\EV31\04_Implementation\ARCfg\EV31_ARCfg_V2.0_T03_20181104\BSW\ISOLAR_PlatformTypes.arxml E:\EV31\04_Implementation\ARCfg\EV31_ARCfg_V2.0_T03_20181104\BSW\J1939TP_EcucValues.arxml E:\EV31\04_Implementation\ARCfg\EV31_ARCfg_V2.0_T03_20181104\BSW\System_description_cfg.arxml E:\EV31\04_Implementation\ARCfg\EV31_ARCfg_V2.0_T03_20181104\BSW\System_EcuExtr.arxml E:\EV31\04_Implementation\ARCfg\EV31_ARCfg_V2.0_T03_20181104\BSW\TopLevelComposition.arxml ]
RTA-RTE V6.4.1 
Copyright ? ETAS GmbH 2004-2018

Pre-processor warning set to - pragma message
Phase is RTE (license verified)
>Validating XML...
<Validating XML... done
>Building types database...
<Building types database... done
>Flattening Root Composition...
>Parsing RTE Configuration...
<Parsing RTE Configuration... done
<Flattening Root Composition... done
>Validating Input...
<Validating Input... done
>Finding modes...
<Finding modes... done
>Building skeleton reification tree...
<Building skeleton reification tree... done
>Building reification tree...
<Building reification tree... done
>Generating output files...
<Generating output files... done
>Processing templates...
<Processing templates... done
Messages written to E:\EV31\04_Implementation\ARCfg\EV31_ARCfg_V2.0_T03_20181104\RTE\gen/RteErr.xml.

The following files were generated:
	E:\EV31\04_Implementation\ARCfg\EV31_ARCfg_V2.0_T03_20181104\RTE\gen/ASW_OsTask_10ms.c
	E:\EV31\04_Implementation\ARCfg\EV31_ARCfg_V2.0_T03_20181104\RTE\gen/ASW_OsTask_5ms.c
	E:\EV31\04_Implementation\ARCfg\EV31_ARCfg_V2.0_T03_20181104\RTE\gen/Asw_Swc_MemMap.h
	E:\EV31\04_Implementation\ARCfg\EV31_ARCfg_V2.0_T03_20181104\RTE\gen/BSW_OsTask_1000ms.c
	E:\EV31\04_Implementation\ARCfg\EV31_ARCfg_V2.0_T03_20181104\RTE\gen/BSW_OsTask_100ms.c
	E:\EV31\04_Implementation\ARCfg\EV31_ARCfg_V2.0_T03_20181104\RTE\gen/BSW_OsTask_10ms.c
	E:\EV31\04_Implementation\ARCfg\EV31_ARCfg_V2.0_T03_20181104\RTE\gen/BSW_OsTask_1ms.c
	E:\EV31\04_Implementation\ARCfg\EV31_ARCfg_V2.0_T03_20181104\RTE\gen/BSW_OsTask_20ms.c
	E:\EV31\04_Implementation\ARCfg\EV31_ARCfg_V2.0_T03_20181104\RTE\gen/BSW_OsTask_2ms.c
	E:\EV31\04_Implementation\ARCfg\EV31_ARCfg_V2.0_T03_20181104\RTE\gen/BSW_OsTask_50ms.c
	E:\EV31\04_Implementation\ARCfg\EV31_ARCfg_V2.0_T03_20181104\RTE\gen/BSW_OsTask_5ms.c
	E:\EV31\04_Implementation\ARCfg\EV31_ARCfg_V2.0_T03_20181104\RTE\gen/BSW_OsTask_SwcRequest.c
	E:\EV31\04_Implementation\ARCfg\EV31_ARCfg_V2.0_T03_20181104\RTE\gen/BswM_MemMap.h
	E:\EV31\04_Implementation\ARCfg\EV31_ARCfg_V2.0_T03_20181104\RTE\gen/Cmu_Cdd_MemMap.h
	E:\EV31\04_Implementation\ARCfg\EV31_ARCfg_V2.0_T03_20181104\RTE\gen/ComM_MemMap.h
	E:\EV31\04_Implementation\ARCfg\EV31_ARCfg_V2.0_T03_20181104\RTE\gen/Det_MemMap.h
	E:\EV31\04_Implementation\ARCfg\EV31_ARCfg_V2.0_T03_20181104\RTE\gen/EcuM_MemMap.h
	E:\EV31\04_Implementation\ARCfg\EV31_ARCfg_V2.0_T03_20181104\RTE\gen/IoHwAb_MemMap.h
	E:\EV31\04_Implementation\ARCfg\EV31_ARCfg_V2.0_T03_20181104\RTE\gen/NvM_MemMap.h
	E:\EV31\04_Implementation\ARCfg\EV31_ARCfg_V2.0_T03_20181104\RTE\gen/Rte.c
	E:\EV31\04_Implementation\ARCfg\EV31_ARCfg_V2.0_T03_20181104\RTE\gen/Rte.h
	E:\EV31\04_Implementation\ARCfg\EV31_ARCfg_V2.0_T03_20181104\RTE\gen/Rte_Asw_Swc.h
	E:\EV31\04_Implementation\ARCfg\EV31_ARCfg_V2.0_T03_20181104\RTE\gen/Rte_Asw_Swc_Type.h
	E:\EV31\04_Implementation\ARCfg\EV31_ARCfg_V2.0_T03_20181104\RTE\gen/Rte_BSWMD.arxml
	E:\EV31\04_Implementation\ARCfg\EV31_ARCfg_V2.0_T03_20181104\RTE\gen/Rte_BswM.h
	E:\EV31\04_Implementation\ARCfg\EV31_ARCfg_V2.0_T03_20181104\RTE\gen/Rte_BswM_Type.h
	E:\EV31\04_Implementation\ARCfg\EV31_ARCfg_V2.0_T03_20181104\RTE\gen/Rte_Catalog.xml
	E:\EV31\04_Implementation\ARCfg\EV31_ARCfg_V2.0_T03_20181104\RTE\gen/Rte_Cbk.h
	E:\EV31\04_Implementation\ARCfg\EV31_ARCfg_V2.0_T03_20181104\RTE\gen/Rte_Cfg.h
	E:\EV31\04_Implementation\ARCfg\EV31_ARCfg_V2.0_T03_20181104\RTE\gen/Rte_Cmu_Cdd.h
	E:\EV31\04_Implementation\ARCfg\EV31_ARCfg_V2.0_T03_20181104\RTE\gen/Rte_Cmu_Cdd_Type.h
	E:\EV31\04_Implementation\ARCfg\EV31_ARCfg_V2.0_T03_20181104\RTE\gen/Rte_ComM.h
	E:\EV31\04_Implementation\ARCfg\EV31_ARCfg_V2.0_T03_20181104\RTE\gen/Rte_ComM_Type.h
	E:\EV31\04_Implementation\ARCfg\EV31_ARCfg_V2.0_T03_20181104\RTE\gen/Rte_Const.h
	E:\EV31\04_Implementation\ARCfg\EV31_ARCfg_V2.0_T03_20181104\RTE\gen/Rte_DataHandleType.h
	E:\EV31\04_Implementation\ARCfg\EV31_ARCfg_V2.0_T03_20181104\RTE\gen/Rte_Det.h
	E:\EV31\04_Implementation\ARCfg\EV31_ARCfg_V2.0_T03_20181104\RTE\gen/Rte_Det_Type.h
	E:\EV31\04_Implementation\ARCfg\EV31_ARCfg_V2.0_T03_20181104\RTE\gen/Rte_EcuM.h
	E:\EV31\04_Implementation\ARCfg\EV31_ARCfg_V2.0_T03_20181104\RTE\gen/Rte_EcuM_Type.h
	E:\EV31\04_Implementation\ARCfg\EV31_ARCfg_V2.0_T03_20181104\RTE\gen/Rte_Hook.h
	E:\EV31\04_Implementation\ARCfg\EV31_ARCfg_V2.0_T03_20181104\RTE\gen/Rte_Intl.h
	E:\EV31\04_Implementation\ARCfg\EV31_ARCfg_V2.0_T03_20181104\RTE\gen/Rte_IoHwAb.h
	E:\EV31\04_Implementation\ARCfg\EV31_ARCfg_V2.0_T03_20181104\RTE\gen/Rte_IoHwAb_Type.h
	E:\EV31\04_Implementation\ARCfg\EV31_ARCfg_V2.0_T03_20181104\RTE\gen/Rte_Lib.c
	E:\EV31\04_Implementation\ARCfg\EV31_ARCfg_V2.0_T03_20181104\RTE\gen/Rte_Main.h
	E:\EV31\04_Implementation\ARCfg\EV31_ARCfg_V2.0_T03_20181104\RTE\gen/Rte_McSupportData.arxml
	E:\EV31\04_Implementation\ARCfg\EV31_ARCfg_V2.0_T03_20181104\RTE\gen/Rte_NvM.h
	E:\EV31\04_Implementation\ARCfg\EV31_ARCfg_V2.0_T03_20181104\RTE\gen/Rte_NvM_Type.h
	E:\EV31\04_Implementation\ARCfg\EV31_ARCfg_V2.0_T03_20181104\RTE\gen/Rte_Os_Type.h
	E:\EV31\04_Implementation\ARCfg\EV31_ARCfg_V2.0_T03_20181104\RTE\gen/Rte_Sbc_Cdd.h
	E:\EV31\04_Implementation\ARCfg\EV31_ARCfg_V2.0_T03_20181104\RTE\gen/Rte_Sbc_Cdd_Type.h
	E:\EV31\04_Implementation\ARCfg\EV31_ARCfg_V2.0_T03_20181104\RTE\gen/Rte_Type.h
	E:\EV31\04_Implementation\ARCfg\EV31_ARCfg_V2.0_T03_20181104\RTE\gen/Rte_WdgM.h
	E:\EV31\04_Implementation\ARCfg\EV31_ARCfg_V2.0_T03_20181104\RTE\gen/Rte_WdgM_SWC.h
	E:\EV31\04_Implementation\ARCfg\EV31_ARCfg_V2.0_T03_20181104\RTE\gen/Rte_WdgM_SWC_Type.h
	E:\EV31\04_Implementation\ARCfg\EV31_ARCfg_V2.0_T03_20181104\RTE\gen/Rte_WdgM_Type.h
	E:\EV31\04_Implementation\ARCfg\EV31_ARCfg_V2.0_T03_20181104\RTE\gen/Rte_Xcp_SWC.h
	E:\EV31\04_Implementation\ARCfg\EV31_ARCfg_V2.0_T03_20181104\RTE\gen/Rte_Xcp_SWC_Type.h
	E:\EV31\04_Implementation\ARCfg\EV31_ARCfg_V2.0_T03_20181104\RTE\gen/Sbc_Cdd_MemMap.h
	E:\EV31\04_Implementation\ARCfg\EV31_ARCfg_V2.0_T03_20181104\RTE\gen/SchM_BswM.h
	E:\EV31\04_Implementation\ARCfg\EV31_ARCfg_V2.0_T03_20181104\RTE\gen/SchM_BswM_Type.h
	E:\EV31\04_Implementation\ARCfg\EV31_ARCfg_V2.0_T03_20181104\RTE\gen/SchM_CanIf.h
	E:\EV31\04_Implementation\ARCfg\EV31_ARCfg_V2.0_T03_20181104\RTE\gen/SchM_CanIf_Type.h
	E:\EV31\04_Implementation\ARCfg\EV31_ARCfg_V2.0_T03_20181104\RTE\gen/SchM_CanSM.h
	E:\EV31\04_Implementation\ARCfg\EV31_ARCfg_V2.0_T03_20181104\RTE\gen/SchM_CanSM_Type.h
	E:\EV31\04_Implementation\ARCfg\EV31_ARCfg_V2.0_T03_20181104\RTE\gen/SchM_Com.h
	E:\EV31\04_Implementation\ARCfg\EV31_ARCfg_V2.0_T03_20181104\RTE\gen/SchM_ComM.h
	E:\EV31\04_Implementation\ARCfg\EV31_ARCfg_V2.0_T03_20181104\RTE\gen/SchM_ComM_Type.h
	E:\EV31\04_Implementation\ARCfg\EV31_ARCfg_V2.0_T03_20181104\RTE\gen/SchM_Com_Type.h
	E:\EV31\04_Implementation\ARCfg\EV31_ARCfg_V2.0_T03_20181104\RTE\gen/SchM_EcuM.h
	E:\EV31\04_Implementation\ARCfg\EV31_ARCfg_V2.0_T03_20181104\RTE\gen/SchM_EcuM_Type.h
	E:\EV31\04_Implementation\ARCfg\EV31_ARCfg_V2.0_T03_20181104\RTE\gen/SchM_J1939Tp.h
	E:\EV31\04_Implementation\ARCfg\EV31_ARCfg_V2.0_T03_20181104\RTE\gen/SchM_J1939Tp_Type.h
	E:\EV31\04_Implementation\ARCfg\EV31_ARCfg_V2.0_T03_20181104\RTE\gen/SchM_MemIf.h
	E:\EV31\04_Implementation\ARCfg\EV31_ARCfg_V2.0_T03_20181104\RTE\gen/SchM_MemIf_Type.h
	E:\EV31\04_Implementation\ARCfg\EV31_ARCfg_V2.0_T03_20181104\RTE\gen/SchM_NvM.h
	E:\EV31\04_Implementation\ARCfg\EV31_ARCfg_V2.0_T03_20181104\RTE\gen/SchM_NvM_Type.h
	E:\EV31\04_Implementation\ARCfg\EV31_ARCfg_V2.0_T03_20181104\RTE\gen/SchM_Os.h
	E:\EV31\04_Implementation\ARCfg\EV31_ARCfg_V2.0_T03_20181104\RTE\gen/SchM_Os_Type.h
	E:\EV31\04_Implementation\ARCfg\EV31_ARCfg_V2.0_T03_20181104\RTE\gen/SchM_PduR.h
	E:\EV31\04_Implementation\ARCfg\EV31_ARCfg_V2.0_T03_20181104\RTE\gen/SchM_PduR_Type.h
	E:\EV31\04_Implementation\ARCfg\EV31_ARCfg_V2.0_T03_20181104\RTE\gen/SchM_WdgM.h
	E:\EV31\04_Implementation\ARCfg\EV31_ARCfg_V2.0_T03_20181104\RTE\gen/SchM_WdgM_Type.h
	E:\EV31\04_Implementation\ARCfg\EV31_ARCfg_V2.0_T03_20181104\RTE\gen/SchM_Xcp.h
	E:\EV31\04_Implementation\ARCfg\EV31_ARCfg_V2.0_T03_20181104\RTE\gen/SchM_Xcp_Type.h
	E:\EV31\04_Implementation\ARCfg\EV31_ARCfg_V2.0_T03_20181104\RTE\gen/WdgM_MemMap.h
	E:\EV31\04_Implementation\ARCfg\EV31_ARCfg_V2.0_T03_20181104\RTE\gen/WdgM_SWC_MemMap.h
	E:\EV31\04_Implementation\ARCfg\EV31_ARCfg_V2.0_T03_20181104\RTE\gen/Xcp_SWC_MemMap.h
	E:\EV31\04_Implementation\ARCfg\EV31_ARCfg_V2.0_T03_20181104\RTE\gen/osNeeds.arxml
	E:\EV31\04_Implementation\ARCfg\EV31_ARCfg_V2.0_T03_20181104\RTE\gen/rte_measurable.xml


########### ETAS RTE Messages Ends here ############

