; Input Files 
 "E:\EV31\04_Implementation\ARCfg\EV31_ARCfg_V2.0_T03_20181104\ASW\Asw_SWC\arxml\Asw_Swc.arxml"
 "E:\EV31\04_Implementation\ARCfg\EV31_ARCfg_V2.0_T03_20181104\ASW\Asw_SWC\arxml\Cmu_Cdd.arxml"
 "E:\EV31\04_Implementation\ARCfg\EV31_ARCfg_V2.0_T03_20181104\ASW\Asw_SWC\arxml\IoHwAb.arxml"
 "E:\EV31\04_Implementation\ARCfg\EV31_ARCfg_V2.0_T03_20181104\ASW\Asw_SWC\arxml\Sbc_Cdd.arxml"
 "E:\EV31\04_Implementation\ARCfg\EV31_ARCfg_V2.0_T03_20181104\ASW\Asw_SWC\arxml\SoftwareInterface.arxml"
 "E:\EV31\04_Implementation\ARCfg\EV31_ARCfg_V2.0_T03_20181104\ASW\WdgM_SWC\arxml\WdgM_SWC.arxml"
 "E:\EV31\04_Implementation\ARCfg\EV31_ARCfg_V2.0_T03_20181104\ASW\Xcp_SWC\arxml\Xcp_SWC.arxml"
 "E:\EV31\04_Implementation\ARCfg\EV31_ARCfg_V2.0_T03_20181104\BSW\BMS_FlatMap.arxml"
 "E:\EV31\04_Implementation\ARCfg\EV31_ARCfg_V2.0_T03_20181104\BSW\BMS_FlatView_SWCD.arxml"
 "E:\EV31\04_Implementation\ARCfg\EV31_ARCfg_V2.0_T03_20181104\BSW\Config\BSW\BswM_ModeMapping.arxml"
 "E:\EV31\04_Implementation\ARCfg\EV31_ARCfg_V2.0_T03_20181104\BSW\Config\BSW\BSWMD\BswM_Cfg_BSWMD.arxml"
 "E:\EV31\04_Implementation\ARCfg\EV31_ARCfg_V2.0_T03_20181104\BSW\Config\BSW\BSWMD\CanIf_BSWMD.arxml"
 "E:\EV31\04_Implementation\ARCfg\EV31_ARCfg_V2.0_T03_20181104\BSW\Config\BSW\BSWMD\CanIf_Cfg_BSWMD.arxml"
 "E:\EV31\04_Implementation\ARCfg\EV31_ARCfg_V2.0_T03_20181104\BSW\Config\BSW\BSWMD\CanSM_BSWMD.arxml"
 "E:\EV31\04_Implementation\ARCfg\EV31_ARCfg_V2.0_T03_20181104\BSW\Config\BSW\BSWMD\CanSM_Cfg_BSWMD.arxml"
 "E:\EV31\04_Implementation\ARCfg\EV31_ARCfg_V2.0_T03_20181104\BSW\Config\BSW\BSWMD\Com_BSWMD.arxml"
 "E:\EV31\04_Implementation\ARCfg\EV31_ARCfg_V2.0_T03_20181104\BSW\Config\BSW\BSWMD\Com_Cfg_BSWMD.arxml"
 "E:\EV31\04_Implementation\ARCfg\EV31_ARCfg_V2.0_T03_20181104\BSW\Config\BSW\BSWMD\ComM_BSWMD.arxml"
 "E:\EV31\04_Implementation\ARCfg\EV31_ARCfg_V2.0_T03_20181104\BSW\Config\BSW\BSWMD\ComM_Cfg_BSWMD.arxml"
 "E:\EV31\04_Implementation\ARCfg\EV31_ARCfg_V2.0_T03_20181104\BSW\Config\BSW\BSWMD\Crc_Cfg_BSWMD.arxml"
 "E:\EV31\04_Implementation\ARCfg\EV31_ARCfg_V2.0_T03_20181104\BSW\Config\BSW\BSWMD\Ea_BSWMD.arxml"
 "E:\EV31\04_Implementation\ARCfg\EV31_ARCfg_V2.0_T03_20181104\BSW\Config\BSW\BSWMD\EcuM_BSWMD.arxml"
 "E:\EV31\04_Implementation\ARCfg\EV31_ARCfg_V2.0_T03_20181104\BSW\Config\BSW\BSWMD\EcuM_Cfg_BSWMD.arxml"
 "E:\EV31\04_Implementation\ARCfg\EV31_ARCfg_V2.0_T03_20181104\BSW\Config\BSW\BSWMD\IpduM_BSWMD.arxml"
 "E:\EV31\04_Implementation\ARCfg\EV31_ARCfg_V2.0_T03_20181104\BSW\Config\BSW\BSWMD\IpduM_Cfg_BSWMD.arxml"
 "E:\EV31\04_Implementation\ARCfg\EV31_ARCfg_V2.0_T03_20181104\BSW\Config\BSW\BSWMD\J1939Tp_BSWMD.arxml"
 "E:\EV31\04_Implementation\ARCfg\EV31_ARCfg_V2.0_T03_20181104\BSW\Config\BSW\BSWMD\MemIf_Cfg_BSWMD.arxml"
 "E:\EV31\04_Implementation\ARCfg\EV31_ARCfg_V2.0_T03_20181104\BSW\Config\BSW\BSWMD\NvM_Cfg_BSWMD.arxml"
 "E:\EV31\04_Implementation\ARCfg\EV31_ARCfg_V2.0_T03_20181104\BSW\Config\BSW\BSWMD\NvM_Static_Cfg_BSWMD.arxml"
 "E:\EV31\04_Implementation\ARCfg\EV31_ARCfg_V2.0_T03_20181104\BSW\Config\BSW\BSWMD\PduR_BSWMD.arxml"
 "E:\EV31\04_Implementation\ARCfg\EV31_ARCfg_V2.0_T03_20181104\BSW\Config\BSW\BSWMD\PduR_Cfg_BSWMD.arxml"
 "E:\EV31\04_Implementation\ARCfg\EV31_ARCfg_V2.0_T03_20181104\BSW\Config\BSW\BSWMD\rba_CUCELCompuMethods_BSWMD.arxml"
 "E:\EV31\04_Implementation\ARCfg\EV31_ARCfg_V2.0_T03_20181104\BSW\Config\BSW\BSWMD\rba_CUCELSwAddrMethod_BSWMD.arxml"
 "E:\EV31\04_Implementation\ARCfg\EV31_ARCfg_V2.0_T03_20181104\BSW\Config\BSW\BSWMD\WdgIf_Cfg_BSWMD.arxml"
 "E:\EV31\04_Implementation\ARCfg\EV31_ARCfg_V2.0_T03_20181104\BSW\Config\BSW\BSWMD\WdgM_Cfg_BSWMD.arxml"
 "E:\EV31\04_Implementation\ARCfg\EV31_ARCfg_V2.0_T03_20181104\BSW\Config\BSW\BSWMD\Xcp_Cfg_BSWMD.arxml"
 "E:\EV31\04_Implementation\ARCfg\EV31_ARCfg_V2.0_T03_20181104\BSW\Config\BSW\BSWMD\Xcp_Cfg_ModuleEntries_BSWMD.arxml"
 "E:\EV31\04_Implementation\ARCfg\EV31_ARCfg_V2.0_T03_20181104\BSW\Config\BSW\CanEcucValues.arxml"
 "E:\EV31\04_Implementation\ARCfg\EV31_ARCfg_V2.0_T03_20181104\BSW\Config\BSW\Com_Model_Export.arxml"
 "E:\EV31\04_Implementation\ARCfg\EV31_ARCfg_V2.0_T03_20181104\BSW\Config\BSW\ComStack_Types.arxml"
 "E:\EV31\04_Implementation\ARCfg\EV31_ARCfg_V2.0_T03_20181104\BSW\Config\BSW\EcuC_Model_Export.arxml"
 "E:\EV31\04_Implementation\ARCfg\EV31_ARCfg_V2.0_T03_20181104\BSW\Config\BSW\EcucValues\CanIf_BswMD_EcucValues.arxml"
 "E:\EV31\04_Implementation\ARCfg\EV31_ARCfg_V2.0_T03_20181104\BSW\Config\BSW\EcucValues\CanSM_BswMD_EcucValues.arxml"
 "E:\EV31\04_Implementation\ARCfg\EV31_ARCfg_V2.0_T03_20181104\BSW\Config\BSW\EcucValues\Com_BswMD_EcucValues.arxml"
 "E:\EV31\04_Implementation\ARCfg\EV31_ARCfg_V2.0_T03_20181104\BSW\Config\BSW\EcucValues\ComM_BswMD_EcucValues.arxml"
 "E:\EV31\04_Implementation\ARCfg\EV31_ARCfg_V2.0_T03_20181104\BSW\Config\BSW\EcucValues\ComStack_EcucValues.arxml"
 "E:\EV31\04_Implementation\ARCfg\EV31_ARCfg_V2.0_T03_20181104\BSW\Config\BSW\EcucValues\PduR_BswMD_EcucValues.arxml"
 "E:\EV31\04_Implementation\ARCfg\EV31_ARCfg_V2.0_T03_20181104\BSW\Config\BSW\EcucValues\Xcp_BswMD_EcucValues.arxml"
 "E:\EV31\04_Implementation\ARCfg\EV31_ARCfg_V2.0_T03_20181104\BSW\Config\BSW\Interface.arxml"
 "E:\EV31\04_Implementation\ARCfg\EV31_ARCfg_V2.0_T03_20181104\BSW\Config\BSW\Platform_Types.arxml"
 "E:\EV31\04_Implementation\ARCfg\EV31_ARCfg_V2.0_T03_20181104\BSW\Config\BSW\PlatformBase_Types.arxml"
 "E:\EV31\04_Implementation\ARCfg\EV31_ARCfg_V2.0_T03_20181104\BSW\Config\BSW\PlatformSwBasePatch_Types.arxml"
 "E:\EV31\04_Implementation\ARCfg\EV31_ARCfg_V2.0_T03_20181104\BSW\Config\BSW\Project_EcucValues.arxml"
 "E:\EV31\04_Implementation\ARCfg\EV31_ARCfg_V2.0_T03_20181104\BSW\Config\BSW\Standard_Types.arxml"
 "E:\EV31\04_Implementation\ARCfg\EV31_ARCfg_V2.0_T03_20181104\BSW\Config\BSW\StaticCfg\Bfx_EcucValues.arxml"
 "E:\EV31\04_Implementation\ARCfg\EV31_ARCfg_V2.0_T03_20181104\BSW\Config\BSW\StaticCfg\BswM_EcucValues.arxml"
 "E:\EV31\04_Implementation\ARCfg\EV31_ARCfg_V2.0_T03_20181104\BSW\Config\BSW\StaticCfg\Crc_EcucValues.arxml"
 "E:\EV31\04_Implementation\ARCfg\EV31_ARCfg_V2.0_T03_20181104\BSW\Config\BSW\StaticCfg\Det_EcucValues.arxml"
 "E:\EV31\04_Implementation\ARCfg\EV31_ARCfg_V2.0_T03_20181104\BSW\Config\BSW\StaticCfg\Ea_EcucValues.arxml"
 "E:\EV31\04_Implementation\ARCfg\EV31_ARCfg_V2.0_T03_20181104\BSW\Config\BSW\StaticCfg\EcuM_EcucValues.arxml"
 "E:\EV31\04_Implementation\ARCfg\EV31_ARCfg_V2.0_T03_20181104\BSW\Config\BSW\StaticCfg\MemIf_EcucValues.arxml"
 "E:\EV31\04_Implementation\ARCfg\EV31_ARCfg_V2.0_T03_20181104\BSW\Config\BSW\StaticCfg\NvM_EcucValues.arxml"
 "E:\EV31\04_Implementation\ARCfg\EV31_ARCfg_V2.0_T03_20181104\BSW\Config\BSW\StaticCfg\Os_Cfg_BSWMD.arxml"
 "E:\EV31\04_Implementation\ARCfg\EV31_ARCfg_V2.0_T03_20181104\BSW\Config\BSW\StaticCfg\Os_EcucValues.arxml"
 "E:\EV31\04_Implementation\ARCfg\EV31_ARCfg_V2.0_T03_20181104\BSW\Config\BSW\StaticCfg\Rte_EcucValues.arxml"
 "E:\EV31\04_Implementation\ARCfg\EV31_ARCfg_V2.0_T03_20181104\BSW\Config\BSW\StaticCfg\Wdg_EcucValues.arxml"
 "E:\EV31\04_Implementation\ARCfg\EV31_ARCfg_V2.0_T03_20181104\BSW\Config\BSW\StaticCfg\WdgIf_EcucValues.arxml"
 "E:\EV31\04_Implementation\ARCfg\EV31_ARCfg_V2.0_T03_20181104\BSW\Config\BSW\StaticCfg\WdgM_EcucValues.arxml"
 "E:\EV31\04_Implementation\ARCfg\EV31_ARCfg_V2.0_T03_20181104\BSW\Config\BSW\StaticCfg\Xcp_EcucValues.arxml"
 "E:\EV31\04_Implementation\ARCfg\EV31_ARCfg_V2.0_T03_20181104\BSW\Config\BSW\SWCD\BswM_Cfg_SWCD.arxml"
 "E:\EV31\04_Implementation\ARCfg\EV31_ARCfg_V2.0_T03_20181104\BSW\Config\BSW\SWCD\ComM_Cfg_SWCD.arxml"
 "E:\EV31\04_Implementation\ARCfg\EV31_ARCfg_V2.0_T03_20181104\BSW\Config\BSW\SWCD\ComM_SWCD.arxml"
 "E:\EV31\04_Implementation\ARCfg\EV31_ARCfg_V2.0_T03_20181104\BSW\Config\BSW\SWCD\Det_Cfg_SWCD.arxml"
 "E:\EV31\04_Implementation\ARCfg\EV31_ARCfg_V2.0_T03_20181104\BSW\Config\BSW\SWCD\EcuM_Cfg_SWCD.arxml"
 "E:\EV31\04_Implementation\ARCfg\EV31_ARCfg_V2.0_T03_20181104\BSW\Config\BSW\SWCD\NvM_Cfg_SWCD.arxml"
 "E:\EV31\04_Implementation\ARCfg\EV31_ARCfg_V2.0_T03_20181104\BSW\Config\BSW\SWCD\WdgM_Cfg_SWCD.arxml"
 "E:\EV31\04_Implementation\ARCfg\EV31_ARCfg_V2.0_T03_20181104\BSW\DBC_SysDesc.arxml"
 "E:\EV31\04_Implementation\ARCfg\EV31_ARCfg_V2.0_T03_20181104\BSW\ISOLAR_PlatformTypes.arxml"
 "E:\EV31\04_Implementation\ARCfg\EV31_ARCfg_V2.0_T03_20181104\BSW\J1939TP_EcucValues.arxml"
 "E:\EV31\04_Implementation\ARCfg\EV31_ARCfg_V2.0_T03_20181104\BSW\System_description_cfg.arxml"
 "E:\EV31\04_Implementation\ARCfg\EV31_ARCfg_V2.0_T03_20181104\BSW\System_EcuExtr.arxml"
 "E:\EV31\04_Implementation\ARCfg\EV31_ARCfg_V2.0_T03_20181104\BSW\TopLevelComposition.arxml"
